<?xml version="1.0" encoding="UTF-8"?>
<!-- Generated by org.testng.reporters.JUnitReportReporter -->
<testsuite skipped="0" hostname="LAPTOP-4RFMHI7R" name="org.springtc.TC001_PrintAllValues" tests="1" failures="0" timestamp="24 Feb 2021 09:24:11 GMT" time="13.306" errors="0">
  <testcase name="loginAndGetAllValues" time="13.306" classname="org.springtc.TC001_PrintAllValues"/>
</testsuite> <!-- org.springtc.TC001_PrintAllValues -->
