<?xml version="1.0" encoding="UTF-8"?>
<!-- Generated by org.testng.reporters.JUnitReportReporter -->
<testsuite skipped="0" hostname="LAPTOP-4RFMHI7R" name="org.springtc.TC_001HandleWindows" tests="1" failures="0" timestamp="24 Feb 2021 15:56:50 GMT" time="0.026" errors="0">
  <testcase name="closeChildWindow" time="0.026" classname="org.springtc.TC_001HandleWindows"/>
</testsuite> <!-- org.springtc.TC_001HandleWindows -->
